C:\Users\Jango\Documents\GitHub\UIST-2012-SIC\PhidgetSpike\PhidgetSpike\x64\Debug\.NETFramework,Version=v4.0.AssemblyAttributes.obj
C:\Users\Jango\Documents\GitHub\UIST-2012-SIC\PhidgetSpike\PhidgetSpike\x64\Debug\app.res
C:\Users\Jango\Documents\GitHub\UIST-2012-SIC\PhidgetSpike\PhidgetSpike\x64\Debug\AssemblyInfo.obj
C:\Users\Jango\Documents\GitHub\UIST-2012-SIC\PhidgetSpike\PhidgetSpike\x64\Debug\cl.command.1.tlog
C:\Users\Jango\Documents\GitHub\UIST-2012-SIC\PhidgetSpike\PhidgetSpike\x64\Debug\CL.read.1.tlog
C:\Users\Jango\Documents\GitHub\UIST-2012-SIC\PhidgetSpike\PhidgetSpike\x64\Debug\CL.write.1.tlog
C:\Users\Jango\Documents\GitHub\UIST-2012-SIC\PhidgetSpike\PhidgetSpike\x64\Debug\link.7460.read.1.tlog
C:\Users\Jango\Documents\GitHub\UIST-2012-SIC\PhidgetSpike\PhidgetSpike\x64\Debug\link.7460.write.1.tlog
C:\Users\Jango\Documents\GitHub\UIST-2012-SIC\PhidgetSpike\PhidgetSpike\x64\Debug\link.7460-cvtres.read.1.tlog
C:\Users\Jango\Documents\GitHub\UIST-2012-SIC\PhidgetSpike\PhidgetSpike\x64\Debug\link.7460-cvtres.write.1.tlog
C:\Users\Jango\Documents\GitHub\UIST-2012-SIC\PhidgetSpike\PhidgetSpike\x64\Debug\link.8068.read.1.tlog
C:\Users\Jango\Documents\GitHub\UIST-2012-SIC\PhidgetSpike\PhidgetSpike\x64\Debug\link.8068.write.1.tlog
C:\Users\Jango\Documents\GitHub\UIST-2012-SIC\PhidgetSpike\PhidgetSpike\x64\Debug\link.8068-cvtres.read.1.tlog
C:\Users\Jango\Documents\GitHub\UIST-2012-SIC\PhidgetSpike\PhidgetSpike\x64\Debug\link.8068-cvtres.write.1.tlog
C:\Users\Jango\Documents\GitHub\UIST-2012-SIC\PhidgetSpike\PhidgetSpike\x64\Debug\link.command.1.tlog
C:\Users\Jango\Documents\GitHub\UIST-2012-SIC\PhidgetSpike\PhidgetSpike\x64\Debug\link.read.1.tlog
C:\Users\Jango\Documents\GitHub\UIST-2012-SIC\PhidgetSpike\PhidgetSpike\x64\Debug\link.write.1.tlog
C:\Users\Jango\Documents\GitHub\UIST-2012-SIC\PhidgetSpike\PhidgetSpike\x64\Debug\mt.command.1.tlog
C:\Users\Jango\Documents\GitHub\UIST-2012-SIC\PhidgetSpike\PhidgetSpike\x64\Debug\mt.read.1.tlog
C:\Users\Jango\Documents\GitHub\UIST-2012-SIC\PhidgetSpike\PhidgetSpike\x64\Debug\mt.write.1.tlog
C:\Users\Jango\Documents\GitHub\UIST-2012-SIC\PhidgetSpike\PhidgetSpike\x64\Debug\PhidgetSpike.exe.intermediate.manifest
C:\Users\Jango\Documents\GitHub\UIST-2012-SIC\PhidgetSpike\PhidgetSpike\x64\Debug\PhidgetSpike.obj
C:\Users\Jango\Documents\GitHub\UIST-2012-SIC\PhidgetSpike\PhidgetSpike\x64\Debug\PhidgetSpike.pch
C:\Users\Jango\Documents\GitHub\UIST-2012-SIC\PhidgetSpike\PhidgetSpike\x64\Debug\PhidgetSpike.vcxprojResolveAssemblyReference.cache
C:\Users\Jango\Documents\GitHub\UIST-2012-SIC\PhidgetSpike\PhidgetSpike\x64\Debug\PhidgetSpike.write.1.tlog
C:\Users\Jango\Documents\GitHub\UIST-2012-SIC\PhidgetSpike\PhidgetSpike\x64\Debug\rc.command.1.tlog
C:\Users\Jango\Documents\GitHub\UIST-2012-SIC\PhidgetSpike\PhidgetSpike\x64\Debug\rc.read.1.tlog
C:\Users\Jango\Documents\GitHub\UIST-2012-SIC\PhidgetSpike\PhidgetSpike\x64\Debug\rc.write.1.tlog
C:\Users\Jango\Documents\GitHub\UIST-2012-SIC\PhidgetSpike\PhidgetSpike\x64\Debug\stdafx.obj
C:\Users\Jango\Documents\GitHub\UIST-2012-SIC\PhidgetSpike\PhidgetSpike\x64\Debug\vc100.pdb
C:\Users\Jango\Documents\GitHub\UIST-2012-SIC\PhidgetSpike\x64\Debug\PhidgetSpike.exe
C:\Users\Jango\Documents\GitHub\UIST-2012-SIC\PhidgetSpike\x64\Debug\PhidgetSpike.ilk
C:\Users\Jango\Documents\GitHub\UIST-2012-SIC\PhidgetSpike\x64\Debug\PhidgetSpike.pdb
C:\USERS\XIANG\DOCUMENTS\GITHUB\UIST-2012-SIC\PHIDGETSPIKE\PHIDGETSPIKE\X64\DEBUG\.NETFRAMEWORK,VERSION=V4.0.ASSEMBLYATTRIBUTES.OBJ
C:\USERS\XIANG\DOCUMENTS\GITHUB\UIST-2012-SIC\PHIDGETSPIKE\PHIDGETSPIKE\X64\DEBUG\APP.RES
C:\USERS\XIANG\DOCUMENTS\GITHUB\UIST-2012-SIC\PHIDGETSPIKE\PHIDGETSPIKE\X64\DEBUG\ASSEMBLYINFO.OBJ
C:\USERS\XIANG\DOCUMENTS\GITHUB\UIST-2012-SIC\PHIDGETSPIKE\PHIDGETSPIKE\X64\DEBUG\PHIDGETSPIKE.EXE.INTERMEDIATE.MANIFEST
C:\USERS\XIANG\DOCUMENTS\GITHUB\UIST-2012-SIC\PHIDGETSPIKE\PHIDGETSPIKE\X64\DEBUG\PHIDGETSPIKE.OBJ
C:\USERS\XIANG\DOCUMENTS\GITHUB\UIST-2012-SIC\PHIDGETSPIKE\PHIDGETSPIKE\X64\DEBUG\PHIDGETSPIKE.PCH
C:\USERS\XIANG\DOCUMENTS\GITHUB\UIST-2012-SIC\PHIDGETSPIKE\PHIDGETSPIKE\X64\DEBUG\STDAFX.OBJ
C:\USERS\XIANG\DOCUMENTS\GITHUB\UIST-2012-SIC\PHIDGETSPIKE\PHIDGETSPIKE\X64\DEBUG\VC100.PDB
C:\USERS\XIANG\DOCUMENTS\GITHUB\UIST-2012-SIC\PHIDGETSPIKE\X64\DEBUG\PHIDGETSPIKE.EXE
C:\USERS\XIANG\DOCUMENTS\GITHUB\UIST-2012-SIC\PHIDGETSPIKE\X64\DEBUG\PHIDGETSPIKE.ILK
C:\USERS\XIANG\DOCUMENTS\GITHUB\UIST-2012-SIC\PHIDGETSPIKE\X64\DEBUG\PHIDGETSPIKE.PDB
