Build started 9/9/2012 7:34:29 PM.
     1>Project "C:\Users\Jango\Documents\GitHub\UIST-2012-SIC\PhidgetSpike\PhidgetSpike\PhidgetSpike.vcxproj" on node 2 (Build target(s)).
     1>InitializeBuildStatus:
         Creating "x64\Debug\PhidgetSpike.unsuccessfulbuild" because "AlwaysCreate" was specified.
       GenerateTargetFrameworkMonikerAttribute:
       Skipping target "GenerateTargetFrameworkMonikerAttribute" because all output files are up-to-date with respect to the input files.
       ClCompile:
         All outputs are up-to-date.
         C:\Program Files (x86)\Microsoft Visual Studio 11.0\VC\bin\x86_amd64\CL.exe /c /I"C:\Program Files\Phidgets" /AI"C:\Program Files (x86)\Reference Assemblies\Microsoft\Framework\.NETFramework\v4.5\\" /AI"C:\Program Files (x86)\Windows Kits\8.0\References\CommonConfiguration\Neutral" /AI"C:\Program Files (x86)\Reference Assemblies\Microsoft\Framework\.NETFramework\v4.5\Facades\\" /Zi /clr /nologo /W3 /WX- /Od /D WIN32 /D _DEBUG /D _UNICODE /D UNICODE /EHa /MDd /GS /fp:precise /Zc:wchar_t /Zc:forScope /Yu"stdafx.h" /Fp"x64\Debug\PhidgetSpike.pch" /Fo"x64\Debug\\" /Fd"x64\Debug\vc110.pdb" /TP /FU"C:\Program Files (x86)\Reference Assemblies\Microsoft\Framework\.NETFramework\v4.5\mscorlib.dll" /FU"C:\Program Files (x86)\Reference Assemblies\Microsoft\Framework\.NETFramework\v4.5\System.Data.dll" /FU"C:\Program Files (x86)\Reference Assemblies\Microsoft\Framework\.NETFramework\v4.5\System.dll" /FU"C:\Program Files (x86)\Reference Assemblies\Microsoft\Framework\.NETFramework\v4.5\System.Xml.dll" /errorReport:prompt /clr:nostdlib PhidgetSpike.cpp
         PhidgetSpike.cpp
         All outputs are up-to-date.
       ResourceCompile:
         All outputs are up-to-date.
       Link:
         C:\Program Files (x86)\Microsoft Visual Studio 11.0\VC\bin\x86_amd64\link.exe /ERRORREPORT:PROMPT /OUT:"C:\Users\Jango\Documents\GitHub\UIST-2012-SIC\PhidgetSpike\x64\Debug\PhidgetSpike.exe" /INCREMENTAL /NOLOGO /MANIFEST /MANIFESTUAC:"level='asInvoker' uiAccess='false'" /manifest:embed /DEBUG /PDB:"C:\Users\Jango\Documents\GitHub\UIST-2012-SIC\PhidgetSpike\x64\Debug\PhidgetSpike.pdb" /ASSEMBLYDEBUG /TLBID:1 /DYNAMICBASE /FIXED:NO /NXCOMPAT /MACHINE:X64 x64\Debug\app.res
         x64\Debug\AssemblyInfo.obj
         x64\Debug\PhidgetSpike.obj
         x64\Debug\stdafx.obj
         "x64\Debug\.NETFramework,Version=v4.5.AssemblyAttributes.obj"
         PhidgetSpike.vcxproj -> C:\Users\Jango\Documents\GitHub\UIST-2012-SIC\PhidgetSpike\x64\Debug\PhidgetSpike.exe
       FinalizeBuildStatus:
         Deleting file "x64\Debug\PhidgetSpike.unsuccessfulbuild".
         Touching "x64\Debug\PhidgetSpike.lastbuildstate".
     1>Done Building Project "C:\Users\Jango\Documents\GitHub\UIST-2012-SIC\PhidgetSpike\PhidgetSpike\PhidgetSpike.vcxproj" (Build target(s)).

Build succeeded.

Time Elapsed 00:00:06.64
